<html xmlns:math="http://exslt.org/math" xmlns:testng="http://testng.org">
   <head>
      <title>TestNG Results</title>
      <meta http-equiv="content-type" content="text/html; charset=utf-8"></meta>
      <meta http-equiv="pragma" content="no-cache"></meta>
      <meta http-equiv="cache-control" content="max-age=0"></meta>
      <meta http-equiv="cache-control" content="no-cache"></meta>
      <meta http-equiv="cache-control" content="no-store"></meta>
      <LINK rel="stylesheet" href="style.css"></LINK>
      <script type="text/javascript" src="main.js"></script>
   </head>
   <body>
      <table width="100%" style="font-size: 16px; margin-bottom: 10px;" cellspacing="1">
         <tr>
            <td width="100%">
               Test case
               
               <b>Skip</b>
            </td>
            <td style="background-color: #FFBBBB; padding: 3px 3px 3px 0;" align="center">
               <div style="width: 50px;">5</div>
            </td>
            <td style="background-color: lightgreen; padding: 3px 3px 3px 0;" align="center">
               <div style="width: 50px;">0</div>
            </td>
            <td style="background-color: #FFFFBB; padding: 3px 3px 3px 0;" align="center">
               <div style="width: 50px;">0</div>
            </td>
            <td align="center" style="background-color: #eaf0f7; padding: 3px 3px 3px 0;">
               <div style="width: 50px;">5</div>
            </td>
            <td align="center"
                style="font-weight: bold; background-color: #eaf0f7; padding: 3px 3px 3px 0;">
               <div style="width: 50px;">0%</div>
            </td>
            <td style="background-color: #eaf0f7; padding: 3px 3px 3px 0;" align="center"
                nowrap="true"></td>
         </tr>
      </table>
      <div style="width: 200px;">
         <label for="groupMethodsCheckBox" style="font-weight: bold; margin: 0;">
            <input id="groupMethodsCheckBox" type="checkbox" onclick="switchTestMethodsView(this)"></input>
            Group by class
            
         </label>
         <br></br>
         <label for="methodsFilter_ALL" style="font-weight: bold; margin: 0;">
            <input id="methodsFilter_ALL" type="checkbox"
                   onclick="testMethodsFilterChanged(this, 'ALL')"></input>
            All
            
         </label>
      </div>
      <label for="methodsFilter_FAIL" style="margin-left: 20px;">
         <input id="methodsFilter_FAIL" type="checkbox"
                onclick="testMethodsFilterChanged(this, 'FAIL')"
                checked=""></input>
         Failed
         
      </label>
      <label for="methodsFilter_PASS">
         <input id="methodsFilter_PASS" type="checkbox"
                onclick="testMethodsFilterChanged(this, 'PASS')"
                checked=""></input>
         Passed
         
      </label>
      <label for="methodsFilter_SKIP">
         <input id="methodsFilter_SKIP" type="checkbox"
                onclick="testMethodsFilterChanged(this, 'SKIP')"
                checked=""></input>
         Skipped
         
      </label>
      <label for="methodsFilter_CONF">
         <input id="methodsFilter_CONF" type="checkbox"
                onclick="testMethodsFilterChanged(this, 'CONF')"></input>
         Config
         
      </label>
      <br></br>
      <div id="testMethodsByStatus">
         <table class="testMethodsTable" cellpadding="0" cellspacing="0">
            <tr class="methodsTableHeader">
               <td width="100%">Name</td>
               <td nowrap="true">Started</td>
               <td nowrap="true">Duration</td>
               <td>Exception</td>
            </tr>
            <tr id="test.dependent.DependentTest_methodSetUp_byStatus_failed_FAIL1_row"
                class="testMethodStatusFAIL testMethodStatusCONF">
               <td width="100%" class="firstMethodCell">
                  <a onclick="toggleDetailsVisibility('test.dependent.DependentTest_methodSetUp_byStatus_failed_FAIL1_details')">methodSetUp()</a>
               </td>
               <td nowrap="true">16:40:29</td>
               <td nowrap="true" align="right">15 ms
                  
               </td>
               <td nowrap="true">
                   
                  
               </td>
            </tr>
            <tr>
               <td colspan="4" class="detailsBox">
                  <div id="test.dependent.DependentTest_methodSetUp_byStatus_failed_FAIL1_details"
                       class="testMethodDetails">
                     <div>
                        <b>Name: </b>methodSetUp
                     </div>
                     <div>
                        <b>Signature: </b>methodSetUp()
                     </div>
                     <div>
                        <b>Start time: </b>16:40:29
                     </div>
                     <div>
                        <b>End time: </b>16:40:29
                     </div>
                     <div>
                        <b>Duration: </b>15 ms
                        
                     </div>
                  </div>
               </td>
            </tr>
            <tr></tr>
            <tr id="test.dependent.DependentTest_methodSetUp_byStatus_failed_FAIL2_row"
                class="testMethodStatusFAIL testMethodStatusCONF">
               <td width="100%" class="firstMethodCell">
                  <a onclick="toggleDetailsVisibility('test.dependent.DependentTest_methodSetUp_byStatus_failed_FAIL2_details')">methodSetUp()</a>
               </td>
               <td nowrap="true">16:40:29</td>
               <td nowrap="true" align="right">16 ms
                  
               </td>
               <td nowrap="true">
                   
                  
               </td>
            </tr>
            <tr>
               <td colspan="4" class="detailsBox">
                  <div id="test.dependent.DependentTest_methodSetUp_byStatus_failed_FAIL2_details"
                       class="testMethodDetails">
                     <div>
                        <b>Name: </b>methodSetUp
                     </div>
                     <div>
                        <b>Signature: </b>methodSetUp()
                     </div>
                     <div>
                        <b>Start time: </b>16:40:29
                     </div>
                     <div>
                        <b>End time: </b>16:40:29
                     </div>
                     <div>
                        <b>Duration: </b>16 ms
                        
                     </div>
                  </div>
               </td>
            </tr>
            <tr></tr>
            <tr id="test.dependent.DependentTest_methodSetUp_byStatus_failed_FAIL3_row"
                class="testMethodStatusFAIL testMethodStatusCONF">
               <td width="100%" class="firstMethodCell">
                  <a onclick="toggleDetailsVisibility('test.dependent.DependentTest_methodSetUp_byStatus_failed_FAIL3_details')">methodSetUp()</a>
               </td>
               <td nowrap="true">16:40:29</td>
               <td nowrap="true" align="right">16 ms
                  
               </td>
               <td nowrap="true">
                   
                  
               </td>
            </tr>
            <tr>
               <td colspan="4" class="detailsBox">
                  <div id="test.dependent.DependentTest_methodSetUp_byStatus_failed_FAIL3_details"
                       class="testMethodDetails">
                     <div>
                        <b>Name: </b>methodSetUp
                     </div>
                     <div>
                        <b>Signature: </b>methodSetUp()
                     </div>
                     <div>
                        <b>Start time: </b>16:40:29
                     </div>
                     <div>
                        <b>End time: </b>16:40:29
                     </div>
                     <div>
                        <b>Duration: </b>16 ms
                        
                     </div>
                  </div>
               </td>
            </tr>
            <tr></tr>
            <tr id="test.dependent.DependentTest_dependentMethodsWithNonExistentMethod_byStatus_failed_FAIL4_row"
                class="testMethodStatusFAIL">
               <td width="100%" class="firstMethodCell">
                  <a onclick="toggleDetailsVisibility('test.dependent.DependentTest_dependentMethodsWithNonExistentMethod_byStatus_failed_FAIL4_details')">dependentMethodsWithNonExistentMethod()</a>
               </td>
               <td nowrap="true">16:40:29</td>
               <td nowrap="true" align="right">5 ms
                  
               </td>
               <td nowrap="true">
                  <a onclick="toggleDetailsVisibility('test.dependent.DependentTest_dependentMethodsWithNonExistentMethod_byStatus_failed_FAIL4_exception')">org.testng.TestNGException: 
                     
                     test.dependent.SampleDependentMethods5.step2() is depending on nonexistent method blablable
                     
                  </a>
                   
                  
               </td>
            </tr>
            <tr>
               <td colspan="4" class="detailsBox">
                  <div id="test.dependent.DependentTest_dependentMethodsWithNonExistentMethod_byStatus_failed_FAIL4_details"
                       class="testMethodDetails">
                     <div>
                        <b>Name: </b>dependentMethodsWithNonExistentMethod
                     </div>
                     <div>
                        <b>Signature: </b>dependentMethodsWithNonExistentMethod()
                     </div>
                     <div>
                        <b>Start time: </b>16:40:29
                     </div>
                     <div>
                        <b>End time: </b>16:40:29
                     </div>
                     <div>
                        <b>Duration: </b>5 ms
                        
                     </div>
                  </div>
               </td>
            </tr>
            <tr>
               <td colspan="4" class="detailsBox">
                  <div id="test.dependent.DependentTest_dependentMethodsWithNonExistentMethod_byStatus_failed_FAIL4_exception"
                       class="testMethodDetails">
                     <pre style="padding: 5px; margin: 0;">org.testng.TestNGException:
                        test.dependent.SampleDependentMethods5.step2() is depending on nonexistent method blablable
                        	at org.testng.internal.MethodHelper.findMethodsNamed(MethodHelper.java:143)
                        	at org.testng.internal.MethodHelper.topologicalSort(MethodHelper.java:470)
                        	at org.testng.internal.MethodHelper.sortMethods(MethodHelper.java:542)
                        	at org.testng.internal.MethodHelper.internalCollectAndOrderMethods(MethodHelper.java:77)
                        	at org.testng.internal.MethodHelper.collectAndOrderMethods(MethodHelper.java:49)
                        	at org.testng.TestRunner.initMethods(TestRunner.java:327)
                        	at org.testng.TestRunner.init(TestRunner.java:206)
                        	at org.testng.TestRunner.init(TestRunner.java:168)
                        	at org.testng.TestRunner.&amp;lt;init&amp;gt;(TestRunner.java:134)
                        	at test.BaseTest$InternalTestRunnerFactory.newTestRunner(BaseTest.java:310)
                        	at org.testng.SuiteRunner$ProxyTestRunnerFactory.newTestRunner(SuiteRunner.java:483)
                        	at org.testng.SuiteRunner.privateRun(SuiteRunner.java:234)
                        	at org.testng.SuiteRunner.run(SuiteRunner.java:190)
                        	at test.BaseTest.run(BaseTest.java:134)
                        	at test.dependent.DependentTest.dependentMethodsWithNonExistentMethod(DependentTest.java:92)
                        	at sun.reflect.NativeMethodAccessorImpl.invoke0(Native Method)
                        	at sun.reflect.NativeMethodAccessorImpl.invoke(NativeMethodAccessorImpl.java:39)
                        	at sun.reflect.DelegatingMethodAccessorImpl.invoke(DelegatingMethodAccessorImpl.java:25)
                        	at java.lang.reflect.Method.invoke(Method.java:597)
                        	at org.testng.internal.MethodHelper.invokeMethod(MethodHelper.java:578)
                        	at org.testng.internal.Invoker.invokeMethod(Invoker.java:470)
                        	at org.testng.internal.Invoker.invokeTestMethod(Invoker.java:564)
                        	at org.testng.internal.Invoker.invokeTestMethods(Invoker.java:830)
                        	at org.testng.internal.TestMethodWorker.invokeTestMethods(TestMethodWorker.java:125)
                        	at org.testng.internal.TestMethodWorker.run(TestMethodWorker.java:109)
                        	at org.testng.TestRunner.runWorkers(TestRunner.java:679)
                        	at org.testng.TestRunner.privateRun(TestRunner.java:556)
                        	at org.testng.TestRunner.run(TestRunner.java:456)
                        	at org.testng.SuiteRunner.runTest(SuiteRunner.java:300)
                        	at org.testng.SuiteRunner.runSequentially(SuiteRunner.java:295)
                        	at org.testng.SuiteRunner.privateRun(SuiteRunner.java:275)
                        	at org.testng.SuiteRunner.run(SuiteRunner.java:190)
                        	at org.testng.TestNG.createAndRunSuiteRunners(TestNG.java:792)
                        	at org.testng.TestNG.runSuitesLocally(TestNG.java:765)
                        	at org.testng.TestNG.run(TestNG.java:699)
                        	at org.testng.TestNG.privateMain(TestNG.java:824)
                        	at org.testng.TestNG.main(TestNG.java:802)
                     </pre>
                  </div>
               </td>
            </tr>
            <tr id="test.dependent.DependentTest_dependentMethodsWithCycle_byStatus_failed_FAIL5_row"
                class="testMethodStatusFAIL">
               <td width="100%" class="firstMethodCell">
                  <a onclick="toggleDetailsVisibility('test.dependent.DependentTest_dependentMethodsWithCycle_byStatus_failed_FAIL5_details')">dependentMethodsWithCycle()</a>
               </td>
               <td nowrap="true">16:40:29</td>
               <td nowrap="true" align="right">4 ms
                  
               </td>
               <td nowrap="true">
                  <a onclick="toggleDetailsVisibility('test.dependent.DependentTest_dependentMethodsWithCycle_byStatus_failed_FAIL5_exception')">org.testng.TestNGException: 
                     
                     Cyclic graph of methods
                     
                  </a>
                   
                  
               </td>
            </tr>
            <tr>
               <td colspan="4" class="detailsBox">
                  <div id="test.dependent.DependentTest_dependentMethodsWithCycle_byStatus_failed_FAIL5_details"
                       class="testMethodDetails">
                     <div>
                        <b>Name: </b>dependentMethodsWithCycle
                     </div>
                     <div>
                        <b>Signature: </b>dependentMethodsWithCycle()
                     </div>
                     <div>
                        <b>Start time: </b>16:40:29
                     </div>
                     <div>
                        <b>End time: </b>16:40:29
                     </div>
                     <div>
                        <b>Duration: </b>4 ms
                        
                     </div>
                  </div>
               </td>
            </tr>
            <tr>
               <td colspan="4" class="detailsBox">
                  <div id="test.dependent.DependentTest_dependentMethodsWithCycle_byStatus_failed_FAIL5_exception"
                       class="testMethodDetails">
                     <pre style="padding: 5px; margin: 0;">org.testng.TestNGException:
                        Cyclic graph of methods
                        	at org.testng.internal.Graph.topologicalSort(Graph.java:118)
                        	at org.testng.internal.MethodHelper.topologicalSort(MethodHelper.java:492)
                        	at org.testng.internal.MethodHelper.sortMethods(MethodHelper.java:542)
                        	at org.testng.internal.MethodHelper.internalCollectAndOrderMethods(MethodHelper.java:77)
                        	at org.testng.internal.MethodHelper.collectAndOrderMethods(MethodHelper.java:49)
                        	at org.testng.TestRunner.initMethods(TestRunner.java:327)
                        	at org.testng.TestRunner.init(TestRunner.java:206)
                        	at org.testng.TestRunner.init(TestRunner.java:168)
                        	at org.testng.TestRunner.&amp;lt;init&amp;gt;(TestRunner.java:134)
                        	at test.BaseTest$InternalTestRunnerFactory.newTestRunner(BaseTest.java:310)
                        	at org.testng.SuiteRunner$ProxyTestRunnerFactory.newTestRunner(SuiteRunner.java:483)
                        	at org.testng.SuiteRunner.privateRun(SuiteRunner.java:234)
                        	at org.testng.SuiteRunner.run(SuiteRunner.java:190)
                        	at test.BaseTest.run(BaseTest.java:134)
                        	at test.dependent.DependentTest.dependentMethodsWithCycle(DependentTest.java:111)
                        	at sun.reflect.NativeMethodAccessorImpl.invoke0(Native Method)
                        	at sun.reflect.NativeMethodAccessorImpl.invoke(NativeMethodAccessorImpl.java:39)
                        	at sun.reflect.DelegatingMethodAccessorImpl.invoke(DelegatingMethodAccessorImpl.java:25)
                        	at java.lang.reflect.Method.invoke(Method.java:597)
                        	at org.testng.internal.MethodHelper.invokeMethod(MethodHelper.java:578)
                        	at org.testng.internal.Invoker.invokeMethod(Invoker.java:470)
                        	at org.testng.internal.Invoker.invokeTestMethod(Invoker.java:564)
                        	at org.testng.internal.Invoker.invokeTestMethods(Invoker.java:830)
                        	at org.testng.internal.TestMethodWorker.invokeTestMethods(TestMethodWorker.java:125)
                        	at org.testng.internal.TestMethodWorker.run(TestMethodWorker.java:109)
                        	at org.testng.TestRunner.runWorkers(TestRunner.java:679)
                        	at org.testng.TestRunner.privateRun(TestRunner.java:556)
                        	at org.testng.TestRunner.run(TestRunner.java:456)
                        	at org.testng.SuiteRunner.runTest(SuiteRunner.java:300)
                        	at org.testng.SuiteRunner.runSequentially(SuiteRunner.java:295)
                        	at org.testng.SuiteRunner.privateRun(SuiteRunner.java:275)
                        	at org.testng.SuiteRunner.run(SuiteRunner.java:190)
                        	at org.testng.TestNG.createAndRunSuiteRunners(TestNG.java:792)
                        	at org.testng.TestNG.runSuitesLocally(TestNG.java:765)
                        	at org.testng.TestNG.run(TestNG.java:699)
                        	at org.testng.TestNG.privateMain(TestNG.java:824)
                        	at org.testng.TestNG.main(TestNG.java:802)
                     </pre>
                  </div>
               </td>
            </tr>
            <tr id="test.dependent.DependentTest_methodSetUp_byStatus_failed_FAIL6_row"
                class="testMethodStatusFAIL testMethodStatusCONF">
               <td width="100%" class="firstMethodCell">
                  <a onclick="toggleDetailsVisibility('test.dependent.DependentTest_methodSetUp_byStatus_failed_FAIL6_details')">methodSetUp()</a>
               </td>
               <td nowrap="true">16:40:29</td>
               <td nowrap="true" align="right">15 ms
                  
               </td>
               <td nowrap="true">
                   
                  
               </td>
            </tr>
            <tr>
               <td colspan="4" class="detailsBox">
                  <div id="test.dependent.DependentTest_methodSetUp_byStatus_failed_FAIL6_details"
                       class="testMethodDetails">
                     <div>
                        <b>Name: </b>methodSetUp
                     </div>
                     <div>
                        <b>Signature: </b>methodSetUp()
                     </div>
                     <div>
                        <b>Start time: </b>16:40:29
                     </div>
                     <div>
                        <b>End time: </b>16:40:29
                     </div>
                     <div>
                        <b>Duration: </b>15 ms
                        
                     </div>
                  </div>
               </td>
            </tr>
            <tr></tr>
            <tr id="test.dependent.DependentTest_simpleSkip_byStatus_failed_FAIL7_row"
                class="testMethodStatusFAIL">
               <td width="100%" class="firstMethodCell">
                  <a onclick="toggleDetailsVisibility('test.dependent.DependentTest_simpleSkip_byStatus_failed_FAIL7_details')">simpleSkip()</a>
               </td>
               <td nowrap="true">16:40:29</td>
               <td nowrap="true" align="right">6 ms
                  
               </td>
               <td nowrap="true">
                   
                  
               </td>
            </tr>
            <tr>
               <td colspan="4" class="detailsBox">
                  <div id="test.dependent.DependentTest_simpleSkip_byStatus_failed_FAIL7_details"
                       class="testMethodDetails">
                     <div>
                        <b>Name: </b>simpleSkip
                     </div>
                     <div>
                        <b>Signature: </b>simpleSkip()
                     </div>
                     <div>
                        <b>Start time: </b>16:40:29
                     </div>
                     <div>
                        <b>End time: </b>16:40:29
                     </div>
                     <div>
                        <b>Duration: </b>6 ms
                        
                     </div>
                  </div>
               </td>
            </tr>
            <tr></tr>
            <tr id="test.dependent.DependentTest_methodSetUp_byStatus_failed_FAIL8_row"
                class="testMethodStatusFAIL testMethodStatusCONF">
               <td width="100%" class="firstMethodCell">
                  <a onclick="toggleDetailsVisibility('test.dependent.DependentTest_methodSetUp_byStatus_failed_FAIL8_details')">methodSetUp()</a>
               </td>
               <td nowrap="true">16:40:29</td>
               <td nowrap="true" align="right">15 ms
                  
               </td>
               <td nowrap="true">
                   
                  
               </td>
            </tr>
            <tr>
               <td colspan="4" class="detailsBox">
                  <div id="test.dependent.DependentTest_methodSetUp_byStatus_failed_FAIL8_details"
                       class="testMethodDetails">
                     <div>
                        <b>Name: </b>methodSetUp
                     </div>
                     <div>
                        <b>Signature: </b>methodSetUp()
                     </div>
                     <div>
                        <b>Start time: </b>16:40:29
                     </div>
                     <div>
                        <b>End time: </b>16:40:29
                     </div>
                     <div>
                        <b>Duration: </b>15 ms
                        
                     </div>
                  </div>
               </td>
            </tr>
            <tr></tr>
            <tr id="test.dependent.DependentTest_dependentMethods_byStatus_failed_FAIL9_row"
                class="testMethodStatusFAIL">
               <td width="100%" class="firstMethodCell">
                  <a onclick="toggleDetailsVisibility('test.dependent.DependentTest_dependentMethods_byStatus_failed_FAIL9_details')">dependentMethods()</a>
               </td>
               <td nowrap="true">16:40:29</td>
               <td nowrap="true" align="right">13 ms
                  
               </td>
               <td nowrap="true">
                   
                  
               </td>
            </tr>
            <tr>
               <td colspan="4" class="detailsBox">
                  <div id="test.dependent.DependentTest_dependentMethods_byStatus_failed_FAIL9_details"
                       class="testMethodDetails">
                     <div>
                        <b>Name: </b>dependentMethods
                     </div>
                     <div>
                        <b>Signature: </b>dependentMethods()
                     </div>
                     <div>
                        <b>Start time: </b>16:40:29
                     </div>
                     <div>
                        <b>End time: </b>16:40:29
                     </div>
                     <div>
                        <b>Duration: </b>13 ms
                        
                     </div>
                  </div>
               </td>
            </tr>
            <tr></tr>
            <tr id="test.dependent.DependentTest_dependentMethodsWithSkip_byStatus_failed_FAIL10_row"
                class="testMethodStatusFAIL">
               <td width="100%" class="firstMethodCell">
                  <a onclick="toggleDetailsVisibility('test.dependent.DependentTest_dependentMethodsWithSkip_byStatus_failed_FAIL10_details')">dependentMethodsWithSkip()</a>
               </td>
               <td nowrap="true">16:40:29</td>
               <td nowrap="true" align="right">8 ms
                  
               </td>
               <td nowrap="true">
                   
                  
               </td>
            </tr>
            <tr>
               <td colspan="4" class="detailsBox">
                  <div id="test.dependent.DependentTest_dependentMethodsWithSkip_byStatus_failed_FAIL10_details"
                       class="testMethodDetails">
                     <div>
                        <b>Name: </b>dependentMethodsWithSkip
                     </div>
                     <div>
                        <b>Signature: </b>dependentMethodsWithSkip()
                     </div>
                     <div>
                        <b>Start time: </b>16:40:29
                     </div>
                     <div>
                        <b>End time: </b>16:40:29
                     </div>
                     <div>
                        <b>Duration: </b>8 ms
                        
                     </div>
                  </div>
               </td>
            </tr>
            <tr></tr>
         </table>
      </div>
      <div id="testMethodsByClass" style="display: none;">
         <table class="testMethodsTable" cellpadding="0" cellspacing="0">
            <tr>
               <td colspan="4">
                  <h3 style="display: inline;">test.dependent.DependentTest</h3>
               </td>
            </tr>
            <tr class="methodsTableHeader">
               <td width="100%">Name</td>
               <td nowrap="true">Started</td>
               <td nowrap="true">Duration</td>
               <td>Exception</td>
            </tr>
            <tr id="test.dependent.DependentTest_methodSetUp_byClass_FAIL1_row"
                class="testMethodStatusFAIL testMethodStatusCONF">
               <td width="100%" class="firstMethodCell">
                  <a onclick="toggleDetailsVisibility('test.dependent.DependentTest_methodSetUp_byClass_FAIL1_details')">methodSetUp()</a>
               </td>
               <td nowrap="true">16:40:29</td>
               <td nowrap="true" align="right">15 ms
                  
               </td>
               <td nowrap="true">
                   
                  
               </td>
            </tr>
            <tr>
               <td colspan="4" class="detailsBox">
                  <div id="test.dependent.DependentTest_methodSetUp_byClass_FAIL1_details"
                       class="testMethodDetails">
                     <div>
                        <b>Name: </b>methodSetUp
                     </div>
                     <div>
                        <b>Signature: </b>methodSetUp()
                     </div>
                     <div>
                        <b>Start time: </b>16:40:29
                     </div>
                     <div>
                        <b>End time: </b>16:40:29
                     </div>
                     <div>
                        <b>Duration: </b>15 ms
                        
                     </div>
                  </div>
               </td>
            </tr>
            <tr></tr>
            <tr id="test.dependent.DependentTest_methodSetUp_byClass_FAIL2_row"
                class="testMethodStatusFAIL testMethodStatusCONF">
               <td width="100%" class="firstMethodCell">
                  <a onclick="toggleDetailsVisibility('test.dependent.DependentTest_methodSetUp_byClass_FAIL2_details')">methodSetUp()</a>
               </td>
               <td nowrap="true">16:40:29</td>
               <td nowrap="true" align="right">16 ms
                  
               </td>
               <td nowrap="true">
                   
                  
               </td>
            </tr>
            <tr>
               <td colspan="4" class="detailsBox">
                  <div id="test.dependent.DependentTest_methodSetUp_byClass_FAIL2_details"
                       class="testMethodDetails">
                     <div>
                        <b>Name: </b>methodSetUp
                     </div>
                     <div>
                        <b>Signature: </b>methodSetUp()
                     </div>
                     <div>
                        <b>Start time: </b>16:40:29
                     </div>
                     <div>
                        <b>End time: </b>16:40:29
                     </div>
                     <div>
                        <b>Duration: </b>16 ms
                        
                     </div>
                  </div>
               </td>
            </tr>
            <tr></tr>
            <tr id="test.dependent.DependentTest_methodSetUp_byClass_FAIL3_row"
                class="testMethodStatusFAIL testMethodStatusCONF">
               <td width="100%" class="firstMethodCell">
                  <a onclick="toggleDetailsVisibility('test.dependent.DependentTest_methodSetUp_byClass_FAIL3_details')">methodSetUp()</a>
               </td>
               <td nowrap="true">16:40:29</td>
               <td nowrap="true" align="right">16 ms
                  
               </td>
               <td nowrap="true">
                   
                  
               </td>
            </tr>
            <tr>
               <td colspan="4" class="detailsBox">
                  <div id="test.dependent.DependentTest_methodSetUp_byClass_FAIL3_details"
                       class="testMethodDetails">
                     <div>
                        <b>Name: </b>methodSetUp
                     </div>
                     <div>
                        <b>Signature: </b>methodSetUp()
                     </div>
                     <div>
                        <b>Start time: </b>16:40:29
                     </div>
                     <div>
                        <b>End time: </b>16:40:29
                     </div>
                     <div>
                        <b>Duration: </b>16 ms
                        
                     </div>
                  </div>
               </td>
            </tr>
            <tr></tr>
            <tr id="test.dependent.DependentTest_dependentMethodsWithNonExistentMethod_byClass_FAIL4_row"
                class="testMethodStatusFAIL">
               <td width="100%" class="firstMethodCell">
                  <a onclick="toggleDetailsVisibility('test.dependent.DependentTest_dependentMethodsWithNonExistentMethod_byClass_FAIL4_details')">dependentMethodsWithNonExistentMethod()</a>
               </td>
               <td nowrap="true">16:40:29</td>
               <td nowrap="true" align="right">5 ms
                  
               </td>
               <td nowrap="true">
                  <a onclick="toggleDetailsVisibility('test.dependent.DependentTest_dependentMethodsWithNonExistentMethod_byClass_FAIL4_exception')">org.testng.TestNGException: 
                     
                     test.dependent.SampleDependentMethods5.step2() is depending on nonexistent method blablable
                     
                  </a>
                   
                  
               </td>
            </tr>
            <tr>
               <td colspan="4" class="detailsBox">
                  <div id="test.dependent.DependentTest_dependentMethodsWithNonExistentMethod_byClass_FAIL4_details"
                       class="testMethodDetails">
                     <div>
                        <b>Name: </b>dependentMethodsWithNonExistentMethod
                     </div>
                     <div>
                        <b>Signature: </b>dependentMethodsWithNonExistentMethod()
                     </div>
                     <div>
                        <b>Start time: </b>16:40:29
                     </div>
                     <div>
                        <b>End time: </b>16:40:29
                     </div>
                     <div>
                        <b>Duration: </b>5 ms
                        
                     </div>
                  </div>
               </td>
            </tr>
            <tr>
               <td colspan="4" class="detailsBox">
                  <div id="test.dependent.DependentTest_dependentMethodsWithNonExistentMethod_byClass_FAIL4_exception"
                       class="testMethodDetails">
                     <pre style="padding: 5px; margin: 0;">org.testng.TestNGException:
                        test.dependent.SampleDependentMethods5.step2() is depending on nonexistent method blablable
                        	at org.testng.internal.MethodHelper.findMethodsNamed(MethodHelper.java:143)
                        	at org.testng.internal.MethodHelper.topologicalSort(MethodHelper.java:470)
                        	at org.testng.internal.MethodHelper.sortMethods(MethodHelper.java:542)
                        	at org.testng.internal.MethodHelper.internalCollectAndOrderMethods(MethodHelper.java:77)
                        	at org.testng.internal.MethodHelper.collectAndOrderMethods(MethodHelper.java:49)
                        	at org.testng.TestRunner.initMethods(TestRunner.java:327)
                        	at org.testng.TestRunner.init(TestRunner.java:206)
                        	at org.testng.TestRunner.init(TestRunner.java:168)
                        	at org.testng.TestRunner.&amp;lt;init&amp;gt;(TestRunner.java:134)
                        	at test.BaseTest$InternalTestRunnerFactory.newTestRunner(BaseTest.java:310)
                        	at org.testng.SuiteRunner$ProxyTestRunnerFactory.newTestRunner(SuiteRunner.java:483)
                        	at org.testng.SuiteRunner.privateRun(SuiteRunner.java:234)
                        	at org.testng.SuiteRunner.run(SuiteRunner.java:190)
                        	at test.BaseTest.run(BaseTest.java:134)
                        	at test.dependent.DependentTest.dependentMethodsWithNonExistentMethod(DependentTest.java:92)
                        	at sun.reflect.NativeMethodAccessorImpl.invoke0(Native Method)
                        	at sun.reflect.NativeMethodAccessorImpl.invoke(NativeMethodAccessorImpl.java:39)
                        	at sun.reflect.DelegatingMethodAccessorImpl.invoke(DelegatingMethodAccessorImpl.java:25)
                        	at java.lang.reflect.Method.invoke(Method.java:597)
                        	at org.testng.internal.MethodHelper.invokeMethod(MethodHelper.java:578)
                        	at org.testng.internal.Invoker.invokeMethod(Invoker.java:470)
                        	at org.testng.internal.Invoker.invokeTestMethod(Invoker.java:564)
                        	at org.testng.internal.Invoker.invokeTestMethods(Invoker.java:830)
                        	at org.testng.internal.TestMethodWorker.invokeTestMethods(TestMethodWorker.java:125)
                        	at org.testng.internal.TestMethodWorker.run(TestMethodWorker.java:109)
                        	at org.testng.TestRunner.runWorkers(TestRunner.java:679)
                        	at org.testng.TestRunner.privateRun(TestRunner.java:556)
                        	at org.testng.TestRunner.run(TestRunner.java:456)
                        	at org.testng.SuiteRunner.runTest(SuiteRunner.java:300)
                        	at org.testng.SuiteRunner.runSequentially(SuiteRunner.java:295)
                        	at org.testng.SuiteRunner.privateRun(SuiteRunner.java:275)
                        	at org.testng.SuiteRunner.run(SuiteRunner.java:190)
                        	at org.testng.TestNG.createAndRunSuiteRunners(TestNG.java:792)
                        	at org.testng.TestNG.runSuitesLocally(TestNG.java:765)
                        	at org.testng.TestNG.run(TestNG.java:699)
                        	at org.testng.TestNG.privateMain(TestNG.java:824)
                        	at org.testng.TestNG.main(TestNG.java:802)
                     </pre>
                  </div>
               </td>
            </tr>
            <tr id="test.dependent.DependentTest_dependentMethodsWithCycle_byClass_FAIL5_row"
                class="testMethodStatusFAIL">
               <td width="100%" class="firstMethodCell">
                  <a onclick="toggleDetailsVisibility('test.dependent.DependentTest_dependentMethodsWithCycle_byClass_FAIL5_details')">dependentMethodsWithCycle()</a>
               </td>
               <td nowrap="true">16:40:29</td>
               <td nowrap="true" align="right">4 ms
                  
               </td>
               <td nowrap="true">
                  <a onclick="toggleDetailsVisibility('test.dependent.DependentTest_dependentMethodsWithCycle_byClass_FAIL5_exception')">org.testng.TestNGException: 
                     
                     Cyclic graph of methods
                     
                  </a>
                   
                  
               </td>
            </tr>
            <tr>
               <td colspan="4" class="detailsBox">
                  <div id="test.dependent.DependentTest_dependentMethodsWithCycle_byClass_FAIL5_details"
                       class="testMethodDetails">
                     <div>
                        <b>Name: </b>dependentMethodsWithCycle
                     </div>
                     <div>
                        <b>Signature: </b>dependentMethodsWithCycle()
                     </div>
                     <div>
                        <b>Start time: </b>16:40:29
                     </div>
                     <div>
                        <b>End time: </b>16:40:29
                     </div>
                     <div>
                        <b>Duration: </b>4 ms
                        
                     </div>
                  </div>
               </td>
            </tr>
            <tr>
               <td colspan="4" class="detailsBox">
                  <div id="test.dependent.DependentTest_dependentMethodsWithCycle_byClass_FAIL5_exception"
                       class="testMethodDetails">
                     <pre style="padding: 5px; margin: 0;">org.testng.TestNGException:
                        Cyclic graph of methods
                        	at org.testng.internal.Graph.topologicalSort(Graph.java:118)
                        	at org.testng.internal.MethodHelper.topologicalSort(MethodHelper.java:492)
                        	at org.testng.internal.MethodHelper.sortMethods(MethodHelper.java:542)
                        	at org.testng.internal.MethodHelper.internalCollectAndOrderMethods(MethodHelper.java:77)
                        	at org.testng.internal.MethodHelper.collectAndOrderMethods(MethodHelper.java:49)
                        	at org.testng.TestRunner.initMethods(TestRunner.java:327)
                        	at org.testng.TestRunner.init(TestRunner.java:206)
                        	at org.testng.TestRunner.init(TestRunner.java:168)
                        	at org.testng.TestRunner.&amp;lt;init&amp;gt;(TestRunner.java:134)
                        	at test.BaseTest$InternalTestRunnerFactory.newTestRunner(BaseTest.java:310)
                        	at org.testng.SuiteRunner$ProxyTestRunnerFactory.newTestRunner(SuiteRunner.java:483)
                        	at org.testng.SuiteRunner.privateRun(SuiteRunner.java:234)
                        	at org.testng.SuiteRunner.run(SuiteRunner.java:190)
                        	at test.BaseTest.run(BaseTest.java:134)
                        	at test.dependent.DependentTest.dependentMethodsWithCycle(DependentTest.java:111)
                        	at sun.reflect.NativeMethodAccessorImpl.invoke0(Native Method)
                        	at sun.reflect.NativeMethodAccessorImpl.invoke(NativeMethodAccessorImpl.java:39)
                        	at sun.reflect.DelegatingMethodAccessorImpl.invoke(DelegatingMethodAccessorImpl.java:25)
                        	at java.lang.reflect.Method.invoke(Method.java:597)
                        	at org.testng.internal.MethodHelper.invokeMethod(MethodHelper.java:578)
                        	at org.testng.internal.Invoker.invokeMethod(Invoker.java:470)
                        	at org.testng.internal.Invoker.invokeTestMethod(Invoker.java:564)
                        	at org.testng.internal.Invoker.invokeTestMethods(Invoker.java:830)
                        	at org.testng.internal.TestMethodWorker.invokeTestMethods(TestMethodWorker.java:125)
                        	at org.testng.internal.TestMethodWorker.run(TestMethodWorker.java:109)
                        	at org.testng.TestRunner.runWorkers(TestRunner.java:679)
                        	at org.testng.TestRunner.privateRun(TestRunner.java:556)
                        	at org.testng.TestRunner.run(TestRunner.java:456)
                        	at org.testng.SuiteRunner.runTest(SuiteRunner.java:300)
                        	at org.testng.SuiteRunner.runSequentially(SuiteRunner.java:295)
                        	at org.testng.SuiteRunner.privateRun(SuiteRunner.java:275)
                        	at org.testng.SuiteRunner.run(SuiteRunner.java:190)
                        	at org.testng.TestNG.createAndRunSuiteRunners(TestNG.java:792)
                        	at org.testng.TestNG.runSuitesLocally(TestNG.java:765)
                        	at org.testng.TestNG.run(TestNG.java:699)
                        	at org.testng.TestNG.privateMain(TestNG.java:824)
                        	at org.testng.TestNG.main(TestNG.java:802)
                     </pre>
                  </div>
               </td>
            </tr>
            <tr id="test.dependent.DependentTest_methodSetUp_byClass_FAIL6_row"
                class="testMethodStatusFAIL testMethodStatusCONF">
               <td width="100%" class="firstMethodCell">
                  <a onclick="toggleDetailsVisibility('test.dependent.DependentTest_methodSetUp_byClass_FAIL6_details')">methodSetUp()</a>
               </td>
               <td nowrap="true">16:40:29</td>
               <td nowrap="true" align="right">15 ms
                  
               </td>
               <td nowrap="true">
                   
                  
               </td>
            </tr>
            <tr>
               <td colspan="4" class="detailsBox">
                  <div id="test.dependent.DependentTest_methodSetUp_byClass_FAIL6_details"
                       class="testMethodDetails">
                     <div>
                        <b>Name: </b>methodSetUp
                     </div>
                     <div>
                        <b>Signature: </b>methodSetUp()
                     </div>
                     <div>
                        <b>Start time: </b>16:40:29
                     </div>
                     <div>
                        <b>End time: </b>16:40:29
                     </div>
                     <div>
                        <b>Duration: </b>15 ms
                        
                     </div>
                  </div>
               </td>
            </tr>
            <tr></tr>
            <tr id="test.dependent.DependentTest_simpleSkip_byClass_FAIL7_row"
                class="testMethodStatusFAIL">
               <td width="100%" class="firstMethodCell">
                  <a onclick="toggleDetailsVisibility('test.dependent.DependentTest_simpleSkip_byClass_FAIL7_details')">simpleSkip()</a>
               </td>
               <td nowrap="true">16:40:29</td>
               <td nowrap="true" align="right">6 ms
                  
               </td>
               <td nowrap="true">
                   
                  
               </td>
            </tr>
            <tr>
               <td colspan="4" class="detailsBox">
                  <div id="test.dependent.DependentTest_simpleSkip_byClass_FAIL7_details"
                       class="testMethodDetails">
                     <div>
                        <b>Name: </b>simpleSkip
                     </div>
                     <div>
                        <b>Signature: </b>simpleSkip()
                     </div>
                     <div>
                        <b>Start time: </b>16:40:29
                     </div>
                     <div>
                        <b>End time: </b>16:40:29
                     </div>
                     <div>
                        <b>Duration: </b>6 ms
                        
                     </div>
                  </div>
               </td>
            </tr>
            <tr></tr>
            <tr id="test.dependent.DependentTest_methodSetUp_byClass_FAIL8_row"
                class="testMethodStatusFAIL testMethodStatusCONF">
               <td width="100%" class="firstMethodCell">
                  <a onclick="toggleDetailsVisibility('test.dependent.DependentTest_methodSetUp_byClass_FAIL8_details')">methodSetUp()</a>
               </td>
               <td nowrap="true">16:40:29</td>
               <td nowrap="true" align="right">15 ms
                  
               </td>
               <td nowrap="true">
                   
                  
               </td>
            </tr>
            <tr>
               <td colspan="4" class="detailsBox">
                  <div id="test.dependent.DependentTest_methodSetUp_byClass_FAIL8_details"
                       class="testMethodDetails">
                     <div>
                        <b>Name: </b>methodSetUp
                     </div>
                     <div>
                        <b>Signature: </b>methodSetUp()
                     </div>
                     <div>
                        <b>Start time: </b>16:40:29
                     </div>
                     <div>
                        <b>End time: </b>16:40:29
                     </div>
                     <div>
                        <b>Duration: </b>15 ms
                        
                     </div>
                  </div>
               </td>
            </tr>
            <tr></tr>
            <tr id="test.dependent.DependentTest_dependentMethods_byClass_FAIL9_row"
                class="testMethodStatusFAIL">
               <td width="100%" class="firstMethodCell">
                  <a onclick="toggleDetailsVisibility('test.dependent.DependentTest_dependentMethods_byClass_FAIL9_details')">dependentMethods()</a>
               </td>
               <td nowrap="true">16:40:29</td>
               <td nowrap="true" align="right">13 ms
                  
               </td>
               <td nowrap="true">
                   
                  
               </td>
            </tr>
            <tr>
               <td colspan="4" class="detailsBox">
                  <div id="test.dependent.DependentTest_dependentMethods_byClass_FAIL9_details"
                       class="testMethodDetails">
                     <div>
                        <b>Name: </b>dependentMethods
                     </div>
                     <div>
                        <b>Signature: </b>dependentMethods()
                     </div>
                     <div>
                        <b>Start time: </b>16:40:29
                     </div>
                     <div>
                        <b>End time: </b>16:40:29
                     </div>
                     <div>
                        <b>Duration: </b>13 ms
                        
                     </div>
                  </div>
               </td>
            </tr>
            <tr></tr>
            <tr id="test.dependent.DependentTest_dependentMethodsWithSkip_byClass_FAIL10_row"
                class="testMethodStatusFAIL">
               <td width="100%" class="firstMethodCell">
                  <a onclick="toggleDetailsVisibility('test.dependent.DependentTest_dependentMethodsWithSkip_byClass_FAIL10_details')">dependentMethodsWithSkip()</a>
               </td>
               <td nowrap="true">16:40:29</td>
               <td nowrap="true" align="right">8 ms
                  
               </td>
               <td nowrap="true">
                   
                  
               </td>
            </tr>
            <tr>
               <td colspan="4" class="detailsBox">
                  <div id="test.dependent.DependentTest_dependentMethodsWithSkip_byClass_FAIL10_details"
                       class="testMethodDetails">
                     <div>
                        <b>Name: </b>dependentMethodsWithSkip
                     </div>
                     <div>
                        <b>Signature: </b>dependentMethodsWithSkip()
                     </div>
                     <div>
                        <b>Start time: </b>16:40:29
                     </div>
                     <div>
                        <b>End time: </b>16:40:29
                     </div>
                     <div>
                        <b>Duration: </b>8 ms
                        
                     </div>
                  </div>
               </td>
            </tr>
            <tr></tr>
         </table>
         <br></br>
      </div>
      <div style="margin-top: 15px; color: gray; text-align: center; font-size: 9px;">
         Generated with
         
         <a href="http://code.google.com/p/testng-xslt/" style="color: #8888aa;"
            target="_blank">
            TestNG XSLT
            
         </a>
      </div>
   </body>
</html>